-----------------------------------------------------------------------------
Assignment 2 Images
-----------------------------------------------------------------------------
camera configuration [./config/camera-003-56-1024.txt]
scene file           [./config/scene_spheres.txt]
image file           [./images/scene_spheres.png]
scene initialization time     [0.000665]
  number of objects           [2]
primary ray generation time   [0.108419]
primary ray calculation time  [83.936607]
  number of primary rays      [1048576]
  number of primary ray hits  [153921]
file save time                [0.225532]
  file saved to               [./images/scene_spheres.png]
-----------------------------------------------------------------------------
camera configuration [./config/camera-003-56-1024.txt]
scene file           [./config/scene_spheres.txt]
image file           [./images/scene_spheres_aa.png]
scene initialization time     [0.001473]
  number of objects           [2]
  anti-aliasing enabled
primary ray generation time   [0.124815]
primary ray calculation time  [465.097107]
  number of primary rays      [4194304]
  number of primary ray hits  [153921]
anti-aliasing time            [0.022680]
file save time                [0.157853]
  file saved to               [./images/scene_spheres_aa.png]
-----------------------------------------------------------------------------
camera configuration [./config/camera-003-56-1024.txt]
scene file           [./config/scene_pool.txt]
image file           [./images/scene_pool.png]
scene initialization time     [0.000174]
  number of objects           [17]
primary ray generation time   [0.065392]
primary ray calculation time  [1.491602]
  number of primary rays      [1048576]
  number of primary ray hits  [254986]
file save time                [0.255120]
  file saved to               [./images/scene_pool.png]
-----------------------------------------------------------------------------
camera configuration [./config/camera-003-56-1024.txt]
scene file           [./config/scene_pool.txt]
image file           [./images/scene_pool_aa.png]
scene initialization time     [0.000122]
  number of objects           [17]
  anti-aliasing enabled
primary ray generation time   [0.068400]
primary ray calculation time  [6.286048]
  number of primary rays      [4194304]
  number of primary ray hits  [254986]
anti-aliasing time            [0.019100]
file save time                [0.217677]
  file saved to               [./images/scene_pool_aa.png]
-----------------------------------------------------------------------------
camera configuration [./config/camera-003-56-1024.txt]
scene file           [./config/scene_spheregrid.txt]
image file           [./images/scene_spheregrid.png]
scene initialization time     [0.000056]
  number of objects           [9]
primary ray generation time   [0.066521]
primary ray calculation time  [1.201748]
  number of primary rays      [1048576]
  number of primary ray hits  [387028]
file save time                [0.425521]
  file saved to               [./images/scene_spheregrid.png]
-----------------------------------------------------------------------------
camera configuration [./config/camera-003-56-1024.txt]
scene file           [./config/scene_spheregrid.txt]
image file           [./images/scene_spheregrid_aa.png]
scene initialization time     [0.000065]
  number of objects           [9]
  anti-aliasing enabled
primary ray generation time   [0.057627]
primary ray calculation time  [1.791008]
  number of primary rays      [4194304]
  number of primary ray hits  [387028]
anti-aliasing time            [0.019021]
file save time                [0.350536]
  file saved to               [./images/scene_spheregrid_aa.png]
-----------------------------------------------------------------------------
camera configuration [./config/camera-003-56-1024.txt]
scene file           [./config/scene_smile.txt]
image file           [./images/scene_smile.png]
scene initialization time     [0.001728]
  number of objects           [12]
primary ray generation time   [0.063409]
primary ray calculation time  [184.932983]
  number of primary rays      [1048576]
  number of primary ray hits  [231611]
file save time                [0.233433]
  file saved to               [./images/scene_smile.png]
-----------------------------------------------------------------------------
camera configuration [./config/camera-003-56-1024.txt]
scene file           [./config/scene_smile.txt]
image file           [./images/scene_smile_aa.png]
scene initialization time     [0.001618]
  number of objects           [12]
  anti-aliasing enabled
primary ray generation time   [0.067749]
primary ray calculation time  [898.221802]
  number of primary rays      [4194304]
  number of primary ray hits  [231611]
anti-aliasing time            [0.037404]
file save time                [0.375116]
  file saved to               [./images/scene_smile_aa.png]
