-----------------------------------------------------------------------------
camera configuration [./config/camera-003-56-512.txt]
scene file           [./config/scene_bunny.txt]
image file           [./images/scene_bunny.png]
scene initialization time     [0.000613]
primary ray generation time   [0.019790]
primary ray intersection time [13.154582]
file save time                [0.040199]
file saved to                 [./images/scene_bunny.png]
-----------------------------------------------------------------------------
camera configuration [./config/camera-003-56-512.txt]
scene file           [./config/scene_bunnygrid.txt]
image file           [./images/scene_bunnygrid.png]
scene initialization time     [0.001882]
primary ray generation time   [0.017634]
primary ray intersection time [24.454069]
file save time                [0.042797]
file saved to                 [./images/scene_bunnygrid.png]
-----------------------------------------------------------------------------
camera configuration [./config/camera-007-56-512.txt]
scene file           [./config/scene_spherecube.txt]
image file           [./images/scene_spherecube56.png]
scene initialization time     [0.000107]
primary ray generation time   [0.019409]
primary ray intersection time [0.052294]
file save time                [0.239220]
file saved to                 [./images/scene_spherecube56.png]
-----------------------------------------------------------------------------
camera configuration [./config/camera-007-90-512.txt]
scene file           [./config/scene_spherecube.txt]
image file           [./images/scene_spherecube90.png]
scene initialization time     [0.000081]
primary ray generation time   [0.019142]
primary ray intersection time [0.075021]
file save time                [0.047464]
file saved to                 [./images/scene_spherecube90.png]
-----------------------------------------------------------------------------
camera configuration [./config/camera-007-56-512.txt]
scene file           [./config/scene_spherebezier.txt]
image file           [./images/scene_spherebezier56.png]
scene initialization time     [0.000179]
primary ray generation time   [0.018026]
primary ray intersection time [0.541690]
file save time                [0.046433]
file saved to                 [./images/scene_spherebezier56.png]
-----------------------------------------------------------------------------
camera configuration [./config/camera-007-90-512.txt]
scene file           [./config/scene_spherebezier.txt]
image file           [./images/scene_spherebezier90.png]
scene initialization time     [0.000162]
primary ray generation time   [0.020753]
primary ray intersection time [0.545998]
file save time                [0.046260]
file saved to                 [./images/scene_spherebezier90.png]
-----------------------------------------------------------------------------
camera configuration [./config/camera-010-120-512.txt]
scene file           [./config/scene_spherebezier.txt]
image file           [./images/scene_spherebezier120.png]
scene initialization time     [0.000215]
primary ray generation time   [0.019672]
primary ray intersection time [0.525959]
file save time                [0.081463]
file saved to                 [./images/scene_spherebezier120.png]
-----------------------------------------------------------------------------
camera configuration [./config/camera-007-56-512.txt]
scene file           [./config/scene_spheregrid.txt]
image file           [./images/scene_spheregrid56.png]
scene initialization time     [0.002488]
primary ray generation time   [0.020121]
primary ray intersection time [17.403652]
file save time                [0.045041]
file saved to                 [./images/scene_spheregrid56.png]
-----------------------------------------------------------------------------
camera configuration [./config/camera-007-90-512.txt]
scene file           [./config/scene_spheregrid.txt]
image file           [./images/scene_spheregrid90.png]
scene initialization time     [0.002385]
primary ray generation time   [0.018274]
primary ray intersection time [18.383661]
file save time                [0.040329]
file saved to                 [./images/scene_spheregrid90.png]
-----------------------------------------------------------------------------
camera configuration [./config/camera-010-120-512.txt]
scene file           [./config/scene_spheregrid.txt]
image file           [./images/scene_spheregrid120.png]
scene initialization time     [0.001771]
primary ray generation time   [0.015636]
primary ray intersection time [18.214960]
file save time                [0.044305]
file saved to                 [./images/scene_spheregrid120.png]
