-----------------------------------------------------------------------------
Assignment 4 Images
-----------------------------------------------------------------------------
number of threads    [8]
camera configuration [./config/camera-003-56-512.txt]
scene file           [./config/scene_cowandstuff.txt]
image file           [./images/none]
scene initialization time     [0.103065]
  number of objects           [24928]
  depth  of bvh               [10]
  number of bvh nodes         [2047]
  number of leaf nodes        [1024]
primary ray calculation time  [17.360275]
  number of primary rays      [262144]
file save time                [0.075411]
  file(s) saved to            [./images/none*]
-----------------------------------------------------------------------------
number of threads    [8]
camera configuration [./config/camera-003-56-512.txt]
scene file           [./config/scene_cowandstuff.txt]
image file           [./images/adaptive]
scene initialization time     [0.089245]
  number of objects           [24928]
  depth  of bvh               [10]
  number of bvh nodes         [2047]
  number of leaf nodes        [1024]
primary ray calculation time  [16.789772]
  number of primary rays      [263169]
adaptive anti-aliasing
  recursion limit             [2]
  tolerance                   [0.050000]
  additional rays             [319151]
anti-aliasing time            [16.925896]
file save time                [0.077374]
  file(s) saved to            [./images/adaptive*]
-----------------------------------------------------------------------------
number of threads    [8]
camera configuration [./config/camera-003-56-512.txt]
scene file           [./config/scene_cowandstuff.txt]
image file           [./images/uniform]
scene initialization time     [0.087523]
  number of objects           [24928]
  depth  of bvh               [10]
  number of bvh nodes         [2047]
  number of leaf nodes        [1024]
primary ray calculation time  [66.353943]
  number of primary rays      [1048576]
uniform anti-aliasing
anti-aliasing time            [0.004097]
file save time                [0.076640]
  file(s) saved to            [./images/uniform*]
