-----------------------------------------------------------------------------
Assignment 3 Images

-----------------------------------------------------------------------------
camera configuration [./config/camera-003-56-512.txt]
scene file           [./config/scene_bunny.txt]
image file           [./images/scene_bunny0.png]
scene initialization time     [0.003247]
  number of objects           [5000]
  depth  of bvh               [0]
  number of bvh nodes         [1]
  number of leaf nodes        [1]
primary ray generation time   [0.056341]
primary ray calculation time  [330.499207]
  number of primary rays      [1048576]
  number of primary ray hits  [307675]
anti-aliasing time            [0.005074]
file save time                [0.050131]
  file saved to               [./images/scene_bunny0.png]
-----------------------------------------------------------------------------
camera configuration [./config/camera-003-56-512.txt]
scene file           [./config/scene_bunny.txt]
image file           [./images/scene_bunny1.png]
scene initialization time     [0.006308]
  number of objects           [5000]
  depth  of bvh               [1]
  number of bvh nodes         [3]
  number of leaf nodes        [2]
primary ray generation time   [0.053110]
primary ray calculation time  [122.805084]
  number of primary rays      [1048576]
  number of primary ray hits  [307675]
anti-aliasing time            [0.004916]
file save time                [0.052803]
  file saved to               [./images/scene_bunny1.png]
-----------------------------------------------------------------------------
camera configuration [./config/camera-003-56-512.txt]
scene file           [./config/scene_bunny.txt]
image file           [./images/scene_bunny2.png]
scene initialization time     [0.006107]
  number of objects           [5000]
  depth  of bvh               [2]
  number of bvh nodes         [7]
  number of leaf nodes        [4]
primary ray generation time   [0.054231]
primary ray calculation time  [65.608932]
  number of primary rays      [1048576]
  number of primary ray hits  [307675]
anti-aliasing time            [0.004882]
file save time                [0.052753]
  file saved to               [./images/scene_bunny2.png]
-----------------------------------------------------------------------------
camera configuration [./config/camera-003-56-512.txt]
scene file           [./config/scene_bunny.txt]
image file           [./images/scene_bunny3.png]
scene initialization time     [0.008723]
  number of objects           [5000]
  depth  of bvh               [3]
  number of bvh nodes         [15]
  number of leaf nodes        [8]
primary ray generation time   [0.053685]
primary ray calculation time  [49.198555]
  number of primary rays      [1048576]
  number of primary ray hits  [307675]
anti-aliasing time            [0.004901]
file save time                [0.054669]
  file saved to               [./images/scene_bunny3.png]
-----------------------------------------------------------------------------
camera configuration [./config/camera-003-56-512.txt]
scene file           [./config/scene_bunny.txt]
image file           [./images/scene_bunny4.png]
scene initialization time     [0.009737]
  number of objects           [5000]
  depth  of bvh               [4]
  number of bvh nodes         [31]
  number of leaf nodes        [16]
primary ray generation time   [0.052782]
primary ray calculation time  [30.531887]
  number of primary rays      [1048576]
  number of primary ray hits  [307675]
anti-aliasing time            [0.004851]
file save time                [0.054908]
  file saved to               [./images/scene_bunny4.png]
-----------------------------------------------------------------------------
camera configuration [./config/camera-003-56-512.txt]
scene file           [./config/scene_bunny.txt]
image file           [./images/scene_bunny5.png]
scene initialization time     [0.010630]
  number of objects           [5000]
  depth  of bvh               [5]
  number of bvh nodes         [63]
  number of leaf nodes        [32]
primary ray generation time   [0.061778]
primary ray calculation time  [20.917696]
  number of primary rays      [1048576]
  number of primary ray hits  [307675]
anti-aliasing time            [0.005129]
file save time                [0.052258]
  file saved to               [./images/scene_bunny5.png]
-----------------------------------------------------------------------------
camera configuration [./config/camera-003-56-512.txt]
scene file           [./config/scene_bunny.txt]
image file           [./images/scene_bunny6.png]
scene initialization time     [0.012024]
  number of objects           [5000]
  depth  of bvh               [6]
  number of bvh nodes         [127]
  number of leaf nodes        [64]
primary ray generation time   [0.053768]
primary ray calculation time  [17.048187]
  number of primary rays      [1048576]
  number of primary ray hits  [307675]
anti-aliasing time            [0.004830]
file save time                [0.056234]
  file saved to               [./images/scene_bunny6.png]
-----------------------------------------------------------------------------
camera configuration [./config/camera-003-56-512.txt]
scene file           [./config/scene_bunny.txt]
image file           [./images/scene_bunny7.png]
scene initialization time     [0.013022]
  number of objects           [5000]
  depth  of bvh               [7]
  number of bvh nodes         [255]
  number of leaf nodes        [128]
primary ray generation time   [0.053166]
primary ray calculation time  [12.717407]
  number of primary rays      [1048576]
  number of primary ray hits  [307675]
anti-aliasing time            [0.004784]
file save time                [0.055652]
  file saved to               [./images/scene_bunny7.png]
-----------------------------------------------------------------------------
camera configuration [./config/camera-003-56-512.txt]
scene file           [./config/scene_bunny.txt]
image file           [./images/scene_bunny8.png]
scene initialization time     [0.014499]
  number of objects           [5000]
  depth  of bvh               [8]
  number of bvh nodes         [511]
  number of leaf nodes        [256]
primary ray generation time   [0.052575]
primary ray calculation time  [11.234080]
  number of primary rays      [1048576]
  number of primary ray hits  [307675]
anti-aliasing time            [0.004833]
file save time                [0.056447]
  file saved to               [./images/scene_bunny8.png]
-----------------------------------------------------------------------------
camera configuration [./config/camera-003-56-512.txt]
scene file           [./config/scene_bunny.txt]
image file           [./images/scene_bunny9.png]
scene initialization time     [0.015219]
  number of objects           [5000]
  depth  of bvh               [9]
  number of bvh nodes         [1023]
  number of leaf nodes        [512]
primary ray generation time   [0.055824]
primary ray calculation time  [10.303057]
  number of primary rays      [1048576]
  number of primary ray hits  [307675]
anti-aliasing time            [0.004819]
file save time                [0.058880]
  file saved to               [./images/scene_bunny9.png]
-----------------------------------------------------------------------------
camera configuration [./config/camera-003-56-512.txt]
scene file           [./config/scene_bunny.txt]
image file           [./images/scene_bunny10.png]
scene initialization time     [0.015938]
  number of objects           [5000]
  depth  of bvh               [10]
  number of bvh nodes         [2047]
  number of leaf nodes        [1024]
primary ray generation time   [0.051247]
primary ray calculation time  [10.643940]
  number of primary rays      [1048576]
  number of primary ray hits  [307675]
anti-aliasing time            [0.004788]
file save time                [0.055542]
  file saved to               [./images/scene_bunny10.png]
-----------------------------------------------------------------------------
camera configuration [./config/camera-003-56-512.txt]
scene file           [./config/scene_bunny.txt]
image file           [./images/scene_bunny11.png]
scene initialization time     [0.018733]
  number of objects           [5000]
  depth  of bvh               [11]
  number of bvh nodes         [4095]
  number of leaf nodes        [2048]
primary ray generation time   [0.051667]
primary ray calculation time  [12.483950]
  number of primary rays      [1048576]
  number of primary ray hits  [307675]
anti-aliasing time            [0.004857]
file save time                [0.058683]
  file saved to               [./images/scene_bunny11.png]
-----------------------------------------------------------------------------
camera configuration [./config/camera-003-56-512.txt]
scene file           [./config/scene_bunny.txt]
image file           [./images/scene_bunny12.png]
scene initialization time     [0.018735]
  number of objects           [5000]
  depth  of bvh               [12]
  number of bvh nodes         [8191]
  number of leaf nodes        [4096]
primary ray generation time   [0.051156]
primary ray calculation time  [16.600155]
  number of primary rays      [1048576]
  number of primary ray hits  [307675]
anti-aliasing time            [0.004825]
file save time                [0.057731]
  file saved to               [./images/scene_bunny12.png]
-----------------------------------------------------------------------------
camera configuration [./config/camera-003-56-512.txt]
scene file           [./config/scene_bunny.txt]
image file           [./images/scene_bunny-1.png]
scene initialization time     [0.020263]
  number of objects           [5000]
  depth  of bvh               [13]
  number of bvh nodes         [9999]
  number of leaf nodes        [5000]
primary ray generation time   [0.051545]
primary ray calculation time  [18.303402]
  number of primary rays      [1048576]
  number of primary ray hits  [307675]
anti-aliasing time            [0.004886]
file save time                [0.058755]
  file saved to               [./images/scene_bunny-1.png]
