-----------------------------------------------------------------------------
Assignment 3 Images

-----------------------------------------------------------------------------
camera configuration [./config/camera-003-56-512.txt]
scene file           [./config/scene_bunnygrid.txt]
image file           [./images/scene_bunnygrid0.png]
scene initialization time     [0.006427]
  number of objects           [9000]
  depth  of bvh               [0]
  number of bvh nodes         [1]
  number of leaf nodes        [1]
primary ray generation time   [0.068712]
primary ray calculation time  [597.164978]
  number of primary rays      [1048576]
  number of primary ray hits  [631239]
anti-aliasing time            [0.005239]
file save time                [0.119785]
  file saved to               [./images/scene_bunnygrid0.png]
-----------------------------------------------------------------------------
camera configuration [./config/camera-003-56-512.txt]
scene file           [./config/scene_bunnygrid.txt]
image file           [./images/scene_bunnygrid1.png]
scene initialization time     [0.012513]
  number of objects           [9000]
  depth  of bvh               [1]
  number of bvh nodes         [3]
  number of leaf nodes        [2]
primary ray generation time   [0.060126]
primary ray calculation time  [305.308136]
  number of primary rays      [1048576]
  number of primary ray hits  [631239]
anti-aliasing time            [0.004998]
file save time                [0.119223]
  file saved to               [./images/scene_bunnygrid1.png]
-----------------------------------------------------------------------------
camera configuration [./config/camera-003-56-512.txt]
scene file           [./config/scene_bunnygrid.txt]
image file           [./images/scene_bunnygrid2.png]
scene initialization time     [0.010378]
  number of objects           [9000]
  depth  of bvh               [2]
  number of bvh nodes         [7]
  number of leaf nodes        [4]
primary ray generation time   [0.055784]
primary ray calculation time  [163.554794]
  number of primary rays      [1048576]
  number of primary ray hits  [631239]
anti-aliasing time            [0.005011]
file save time                [0.117606]
  file saved to               [./images/scene_bunnygrid2.png]
-----------------------------------------------------------------------------
camera configuration [./config/camera-003-56-512.txt]
scene file           [./config/scene_bunnygrid.txt]
image file           [./images/scene_bunnygrid3.png]
scene initialization time     [0.022608]
  number of objects           [9000]
  depth  of bvh               [3]
  number of bvh nodes         [15]
  number of leaf nodes        [8]
primary ray generation time   [0.058131]
primary ray calculation time  [156.441681]
  number of primary rays      [1048576]
  number of primary ray hits  [631239]
anti-aliasing time            [0.005093]
file save time                [0.124528]
  file saved to               [./images/scene_bunnygrid3.png]
-----------------------------------------------------------------------------
camera configuration [./config/camera-003-56-512.txt]
scene file           [./config/scene_bunnygrid.txt]
image file           [./images/scene_bunnygrid4.png]
scene initialization time     [0.021222]
  number of objects           [9000]
  depth  of bvh               [4]
  number of bvh nodes         [31]
  number of leaf nodes        [16]
primary ray generation time   [0.057225]
primary ray calculation time  [105.662361]
  number of primary rays      [1048576]
  number of primary ray hits  [631239]
anti-aliasing time            [0.004985]
file save time                [0.117626]
  file saved to               [./images/scene_bunnygrid4.png]
-----------------------------------------------------------------------------
camera configuration [./config/camera-003-56-512.txt]
scene file           [./config/scene_bunnygrid.txt]
image file           [./images/scene_bunnygrid5.png]
scene initialization time     [0.022332]
  number of objects           [9000]
  depth  of bvh               [5]
  number of bvh nodes         [63]
  number of leaf nodes        [32]
primary ray generation time   [0.057285]
primary ray calculation time  [70.442780]
  number of primary rays      [1048576]
  number of primary ray hits  [631239]
anti-aliasing time            [0.004926]
file save time                [0.123680]
  file saved to               [./images/scene_bunnygrid5.png]
-----------------------------------------------------------------------------
camera configuration [./config/camera-003-56-512.txt]
scene file           [./config/scene_bunnygrid.txt]
image file           [./images/scene_bunnygrid6.png]
scene initialization time     [0.025427]
  number of objects           [9000]
  depth  of bvh               [6]
  number of bvh nodes         [127]
  number of leaf nodes        [64]
primary ray generation time   [0.071949]
primary ray calculation time  [67.494324]
  number of primary rays      [1048576]
  number of primary ray hits  [631239]
anti-aliasing time            [0.004909]
file save time                [0.123865]
  file saved to               [./images/scene_bunnygrid6.png]
-----------------------------------------------------------------------------
camera configuration [./config/camera-003-56-512.txt]
scene file           [./config/scene_bunnygrid.txt]
image file           [./images/scene_bunnygrid7.png]
scene initialization time     [0.028234]
  number of objects           [9000]
  depth  of bvh               [7]
  number of bvh nodes         [255]
  number of leaf nodes        [128]
primary ray generation time   [0.057757]
primary ray calculation time  [48.466347]
  number of primary rays      [1048576]
  number of primary ray hits  [631239]
anti-aliasing time            [0.004920]
file save time                [0.117638]
  file saved to               [./images/scene_bunnygrid7.png]
-----------------------------------------------------------------------------
camera configuration [./config/camera-003-56-512.txt]
scene file           [./config/scene_bunnygrid.txt]
image file           [./images/scene_bunnygrid8.png]
scene initialization time     [0.031467]
  number of objects           [9000]
  depth  of bvh               [8]
  number of bvh nodes         [511]
  number of leaf nodes        [256]
primary ray generation time   [0.058336]
primary ray calculation time  [36.291336]
  number of primary rays      [1048576]
  number of primary ray hits  [631239]
anti-aliasing time            [0.004871]
file save time                [0.122178]
  file saved to               [./images/scene_bunnygrid8.png]
-----------------------------------------------------------------------------
camera configuration [./config/camera-003-56-512.txt]
scene file           [./config/scene_bunnygrid.txt]
image file           [./images/scene_bunnygrid9.png]
scene initialization time     [0.035532]
  number of objects           [9000]
  depth  of bvh               [9]
  number of bvh nodes         [1023]
  number of leaf nodes        [512]
primary ray generation time   [0.058932]
primary ray calculation time  [35.193073]
  number of primary rays      [1048576]
  number of primary ray hits  [631239]
anti-aliasing time            [0.004873]
file save time                [0.122673]
  file saved to               [./images/scene_bunnygrid9.png]
-----------------------------------------------------------------------------
camera configuration [./config/camera-003-56-512.txt]
scene file           [./config/scene_bunnygrid.txt]
image file           [./images/scene_bunnygrid10.png]
scene initialization time     [0.037268]
  number of objects           [9000]
  depth  of bvh               [10]
  number of bvh nodes         [2047]
  number of leaf nodes        [1024]
primary ray generation time   [0.058013]
primary ray calculation time  [32.427299]
  number of primary rays      [1048576]
  number of primary ray hits  [631239]
anti-aliasing time            [0.005019]
file save time                [0.126438]
  file saved to               [./images/scene_bunnygrid10.png]
-----------------------------------------------------------------------------
camera configuration [./config/camera-003-56-512.txt]
scene file           [./config/scene_bunnygrid.txt]
image file           [./images/scene_bunnygrid11.png]
scene initialization time     [0.038306]
  number of objects           [9000]
  depth  of bvh               [11]
  number of bvh nodes         [4095]
  number of leaf nodes        [2048]
primary ray generation time   [0.063611]
primary ray calculation time  [34.844616]
  number of primary rays      [1048576]
  number of primary ray hits  [631239]
anti-aliasing time            [0.004877]
file save time                [0.126871]
  file saved to               [./images/scene_bunnygrid11.png]
-----------------------------------------------------------------------------
camera configuration [./config/camera-003-56-512.txt]
scene file           [./config/scene_bunnygrid.txt]
image file           [./images/scene_bunnygrid12.png]
scene initialization time     [0.037586]
  number of objects           [9000]
  depth  of bvh               [12]
  number of bvh nodes         [8191]
  number of leaf nodes        [4096]
primary ray generation time   [0.062507]
primary ray calculation time  [40.862339]
  number of primary rays      [1048576]
  number of primary ray hits  [631239]
anti-aliasing time            [0.004928]
file save time                [0.128778]
  file saved to               [./images/scene_bunnygrid12.png]
-----------------------------------------------------------------------------
camera configuration [./config/camera-003-56-512.txt]
scene file           [./config/scene_bunnygrid.txt]
image file           [./images/scene_bunnygrid13.png]
scene initialization time     [0.051987]
  number of objects           [9000]
  depth  of bvh               [13]
  number of bvh nodes         [16383]
  number of leaf nodes        [8192]
primary ray generation time   [0.061634]
primary ray calculation time  [55.256588]
  number of primary rays      [1048576]
  number of primary ray hits  [631239]
anti-aliasing time            [0.004915]
file save time                [0.127052]
  file saved to               [./images/scene_bunnygrid13.png]
-----------------------------------------------------------------------------
camera configuration [./config/camera-003-56-512.txt]
scene file           [./config/scene_bunnygrid.txt]
image file           [./images/scene_bunnygrid-1.png]
scene initialization time     [0.050647]
  number of objects           [9000]
  depth  of bvh               [14]
  number of bvh nodes         [17999]
  number of leaf nodes        [9000]
primary ray generation time   [0.064077]
primary ray calculation time  [57.918079]
  number of primary rays      [1048576]
  number of primary ray hits  [631239]
anti-aliasing time            [0.004954]
file save time                [0.126164]
  file saved to               [./images/scene_bunnygrid-1.png]
